<?xml version="1.0" encoding="UTF-8"?>
<!-- Generated by org.testng.reporters.JUnitXMLReporter -->
<testsuite hostname="DESKTOP-AF71NMN" name="SamplePOM1_Local_Machine_Chrome" tests="5" failures="1" timestamp="17 Jun 2018 02:54:08 GMT" time="24.932" errors="0">
  <testcase name="launchURL" time="5.831" classname="com.samplePOM.test.TestBank3"/>
  <testcase name="loginApp" time="2.18" classname="com.samplePOM.test.TestBank3"/>
  <testcase name="validateMiniStatement" time="3.512" classname="com.samplePOM.test.TestBank3"/>
  <testcase name="failTest" time="0.004" classname="com.samplePOM.test.TestBank3">
    <failure type="java.lang.AssertionError" message="expected [true] but found [false]">
      <![CDATA[java.lang.AssertionError: expected [true] but found [false]
	at com.samplePOM.test.TestBank3.failTest(TestBank3.java:75)
	at java.util.concurrent.FutureTask.run(FutureTask.java:266)
	at java.util.concurrent.ThreadPoolExecutor.runWorker(ThreadPoolExecutor.java:1142)
	at java.util.concurrent.ThreadPoolExecutor$Worker.run(ThreadPoolExecutor.java:617)
	at java.lang.Thread.run(Thread.java:745)
... Removed 20 stack frames]]>
    </failure>
  </testcase> <!-- failTest -->
  <testcase name="skipTest" time="0.004" classname="com.samplePOM.test.TestBank3">
    <skipped/>
  </testcase> <!-- skipTest -->
</testsuite> <!-- SamplePOM1_Local_Machine_Chrome -->
